<?xml version="1.0" encoding="UTF-8"?>
<!-- Generated by org.testng.reporters.JUnitReportReporter -->
<testsuite hostname="DESKTOP-1MCSEC1" failures="0" tests="1" name="A" time="6.034" errors="0" timestamp="2023-04-21T22:32:22 IST" skipped="0">
  <testcase classname="A" name="testAllure" time="6.034"/>
  <system-out/>
</testsuite> <!-- A -->
